<?xml version="1.0" encoding="UTF-8"?>
<!-- Generated by org.testng.reporters.JUnitReportReporter -->
<testsuite hostname="DESKTOP-M5ICCCG" name="qaclickacademy.SeleniumTest" tests="2" failures="0" timestamp="11 Dec 2019 19:10:23 GMT" time="0.000" errors="0">
  <testcase name="lol" time="0.000" classname="qaclickacademy.SeleniumTest"/>
  <testcase name="lmao" time="0.000" classname="qaclickacademy.SeleniumTest"/>
</testsuite> <!-- qaclickacademy.SeleniumTest -->
